<?xml version="1.0" encoding="UTF-8"?>
<testng-results ignored="0" total="2" passed="1" failed="1" skipped="0">
  <reporter-output>
  </reporter-output>
  <suite started-at="2023-12-29T08:01:13Z" name="Suite" finished-at="2023-12-29T08:01:48Z" duration-ms="35165">
    <groups>
    </groups>
    <test started-at="2023-12-29T08:01:13Z" name="Test" finished-at="2023-12-29T08:01:48Z" duration-ms="35165">
      <class name="com.qa.testcases.Register">
        <test-method is-config="true" signature="setup()[pri:0, instance:com.qa.testcases.Register@346d61be]" started-at="2023-12-29T08:01:38Z" name="setup" finished-at="2023-12-29T08:01:46Z" duration-ms="8706" status="PASS">
          <reporter-output>
          </reporter-output>
        </test-method> <!-- setup -->
        <test-method signature="registerwithmandatory(java.lang.String, java.lang.String, java.lang.String, java.lang.String, java.lang.String, java.lang.String)[pri:0, instance:com.qa.testcases.Register@346d61be]" started-at="2023-12-29T08:01:46Z" name="registerwithmandatory" data-provider="Registerdetails" finished-at="2023-12-29T08:01:47Z" duration-ms="861" status="PASS">
          <params>
            <param index="0">
              <value>
                <![CDATA[Harshita]]>
              </value>
            </param>
            <param index="1">
              <value>
                <![CDATA[F]]>
              </value>
            </param>
            <param index="2">
              <value>
                <![CDATA[harshu@test.com]]>
              </value>
            </param>
            <param index="3">
              <value>
                <![CDATA[98423432]]>
              </value>
            </param>
            <param index="4">
              <value>
                <![CDATA[test@233]]>
              </value>
            </param>
            <param index="5">
              <value>
                <![CDATA[test@233]]>
              </value>
            </param>
          </params>
          <reporter-output>
          </reporter-output>
        </test-method> <!-- registerwithmandatory -->
        <test-method is-config="true" signature="teardown()[pri:0, instance:com.qa.testcases.Register@346d61be]" started-at="2023-12-29T08:01:47Z" name="teardown" finished-at="2023-12-29T08:01:48Z" duration-ms="670" status="PASS">
          <reporter-output>
          </reporter-output>
        </test-method> <!-- teardown -->
      </class> <!-- com.qa.testcases.Register -->
      <class name="com.qa.testcases.Login">
        <test-method is-config="true" signature="setup()[pri:0, instance:com.qa.testcases.Login@3e6ef8ad]" started-at="2023-12-29T08:01:14Z" name="setup" finished-at="2023-12-29T08:01:25Z" duration-ms="11743" status="PASS">
          <reporter-output>
          </reporter-output>
        </test-method> <!-- setup -->
        <test-method signature="verifyLoginwithvalid(java.lang.String, java.lang.String)[pri:0, instance:com.qa.testcases.Login@3e6ef8ad]" started-at="2023-12-29T08:01:25Z" name="verifyLoginwithvalid" data-provider="LoginTestData" finished-at="2023-12-29T08:01:37Z" duration-ms="11125" status="FAIL">
          <params>
            <param index="0">
              <value>
                <![CDATA[lalitf@gmail.com]]>
              </value>
            </param>
            <param index="1">
              <value>
                <![CDATA[test1234]]>
              </value>
            </param>
          </params>
          <exception class="org.openqa.selenium.NoSuchElementException">
            <message>
              <![CDATA[no such element: Unable to locate element: {"method":"xpath","selector":"//div[@id='content']//a[contains(text(),'Edit your account information')]"}
  (Session info: MicrosoftEdge=120.0.2210.91)
For documentation on this error, please visit: https://selenium.dev/exceptions/#no_such_element
Build info: version: '4.6.0', revision: '79f1c02ae20'
System info: os.name: 'Windows 11', os.arch: 'amd64', os.version: '10.0', java.version: '17.0.8.1'
Driver info: org.openqa.selenium.edge.EdgeDriver
Command: [c6fc0e13d808c39224784dcb3aa980ad, findElement {using=xpath, value=//div[@id='content']//a[contains(text(),'Edit your account information')]}]
Capabilities {acceptInsecureCerts: false, browserName: MicrosoftEdge, browserVersion: 120.0.2210.91, fedcm:accounts: true, ms:edgeOptions: {debuggerAddress: localhost:57094}, msedge: {msedgedriverVersion: 120.0.2210.91 (f469d579f138..., userDataDir: C:\windows\SystemTemp\scope...}, networkConnectionEnabled: false, pageLoadStrategy: normal, platformName: WINDOWS, proxy: Proxy(), se:cdp: ws://localhost:57094/devtoo..., se:cdpVersion: 120.0.2210.91, setWindowRect: true, strictFileInteractability: false, timeouts: {implicit: 0, pageLoad: 300000, script: 30000}, unhandledPromptBehavior: dismiss and notify, webauthn:extension:credBlob: true, webauthn:extension:largeBlob: true, webauthn:extension:minPinLength: true, webauthn:extension:prf: true, webauthn:virtualAuthenticators: true}
Session ID: c6fc0e13d808c39224784dcb3aa980ad]]>
            </message>
            <full-stacktrace>
              <![CDATA[org.openqa.selenium.NoSuchElementException: no such element: Unable to locate element: {"method":"xpath","selector":"//div[@id='content']//a[contains(text(),'Edit your account information')]"}
  (Session info: MicrosoftEdge=120.0.2210.91)
For documentation on this error, please visit: https://selenium.dev/exceptions/#no_such_element
Build info: version: '4.6.0', revision: '79f1c02ae20'
System info: os.name: 'Windows 11', os.arch: 'amd64', os.version: '10.0', java.version: '17.0.8.1'
Driver info: org.openqa.selenium.edge.EdgeDriver
Command: [c6fc0e13d808c39224784dcb3aa980ad, findElement {using=xpath, value=//div[@id='content']//a[contains(text(),'Edit your account information')]}]
Capabilities {acceptInsecureCerts: false, browserName: MicrosoftEdge, browserVersion: 120.0.2210.91, fedcm:accounts: true, ms:edgeOptions: {debuggerAddress: localhost:57094}, msedge: {msedgedriverVersion: 120.0.2210.91 (f469d579f138..., userDataDir: C:\windows\SystemTemp\scope...}, networkConnectionEnabled: false, pageLoadStrategy: normal, platformName: WINDOWS, proxy: Proxy(), se:cdp: ws://localhost:57094/devtoo..., se:cdpVersion: 120.0.2210.91, setWindowRect: true, strictFileInteractability: false, timeouts: {implicit: 0, pageLoad: 300000, script: 30000}, unhandledPromptBehavior: dismiss and notify, webauthn:extension:credBlob: true, webauthn:extension:largeBlob: true, webauthn:extension:minPinLength: true, webauthn:extension:prf: true, webauthn:virtualAuthenticators: true}
Session ID: c6fc0e13d808c39224784dcb3aa980ad
at java.base/jdk.internal.reflect.NativeConstructorAccessorImpl.newInstance0(Native Method)
at java.base/jdk.internal.reflect.NativeConstructorAccessorImpl.newInstance(NativeConstructorAccessorImpl.java:77)
at java.base/jdk.internal.reflect.DelegatingConstructorAccessorImpl.newInstance(DelegatingConstructorAccessorImpl.java:45)
at java.base/java.lang.reflect.Constructor.newInstanceWithCaller(Constructor.java:499)
at java.base/java.lang.reflect.Constructor.newInstance(Constructor.java:480)
at org.openqa.selenium.remote.codec.w3c.W3CHttpResponseCodec.createException(W3CHttpResponseCodec.java:200)
at org.openqa.selenium.remote.codec.w3c.W3CHttpResponseCodec.decode(W3CHttpResponseCodec.java:133)
at org.openqa.selenium.remote.codec.w3c.W3CHttpResponseCodec.decode(W3CHttpResponseCodec.java:53)
at org.openqa.selenium.remote.HttpCommandExecutor.execute(HttpCommandExecutor.java:184)
at org.openqa.selenium.remote.service.DriverCommandExecutor.invokeExecute(DriverCommandExecutor.java:167)
at org.openqa.selenium.remote.service.DriverCommandExecutor.execute(DriverCommandExecutor.java:142)
at org.openqa.selenium.remote.RemoteWebDriver.execute(RemoteWebDriver.java:541)
at org.openqa.selenium.remote.ElementLocation$ElementFinder$2.findElement(ElementLocation.java:162)
at org.openqa.selenium.remote.ElementLocation.findElement(ElementLocation.java:60)
at org.openqa.selenium.remote.RemoteWebDriver.findElement(RemoteWebDriver.java:365)
at org.openqa.selenium.remote.RemoteWebDriver.findElement(RemoteWebDriver.java:357)
at org.openqa.selenium.support.pagefactory.DefaultElementLocator.findElement(DefaultElementLocator.java:70)
at org.openqa.selenium.support.pagefactory.internal.LocatingElementHandler.invoke(LocatingElementHandler.java:39)
at jdk.proxy2/jdk.proxy2.$Proxy18.isDisplayed(Unknown Source)
at com.qa.pages.AccountPage.getDisplayedEditYourInfoLink(AccountPage.java:25)
at com.qa.testcases.Login.verifyLoginwithvalid(Login.java:51)
at java.base/jdk.internal.reflect.NativeMethodAccessorImpl.invoke0(Native Method)
at java.base/jdk.internal.reflect.NativeMethodAccessorImpl.invoke(NativeMethodAccessorImpl.java:77)
at java.base/jdk.internal.reflect.DelegatingMethodAccessorImpl.invoke(DelegatingMethodAccessorImpl.java:43)
at java.base/java.lang.reflect.Method.invoke(Method.java:568)
at org.testng.internal.MethodInvocationHelper.invokeMethod(MethodInvocationHelper.java:124)
at org.testng.internal.Invoker.invokeMethod(Invoker.java:583)
at org.testng.internal.Invoker.invokeTestMethod(Invoker.java:719)
at org.testng.internal.Invoker.invokeTestMethods(Invoker.java:989)
at org.testng.internal.TestMethodWorker.invokeTestMethods(TestMethodWorker.java:125)
at org.testng.internal.TestMethodWorker.run(TestMethodWorker.java:109)
at org.testng.TestRunner.privateRun(TestRunner.java:648)
at org.testng.TestRunner.run(TestRunner.java:505)
at org.testng.SuiteRunner.runTest(SuiteRunner.java:455)
at org.testng.SuiteRunner.runSequentially(SuiteRunner.java:450)
at org.testng.SuiteRunner.privateRun(SuiteRunner.java:415)
at org.testng.SuiteRunner.run(SuiteRunner.java:364)
at org.testng.SuiteRunnerWorker.runSuite(SuiteRunnerWorker.java:52)
at org.testng.SuiteRunnerWorker.run(SuiteRunnerWorker.java:84)
at org.testng.TestNG.runSuitesSequentially(TestNG.java:1208)
at org.testng.TestNG.runSuitesLocally(TestNG.java:1137)
at org.testng.TestNG.runSuites(TestNG.java:1049)
at org.testng.TestNG.run(TestNG.java:1017)
at org.testng.remote.AbstractRemoteTestNG.run(AbstractRemoteTestNG.java:115)
at org.testng.remote.RemoteTestNG.initAndRun(RemoteTestNG.java:251)
at org.testng.remote.RemoteTestNG.main(RemoteTestNG.java:77)
]]>
            </full-stacktrace>
          </exception> <!-- org.openqa.selenium.NoSuchElementException -->
          <reporter-output>
          </reporter-output>
        </test-method> <!-- verifyLoginwithvalid -->
        <test-method is-config="true" signature="teardown()[pri:0, instance:com.qa.testcases.Login@3e6ef8ad]" started-at="2023-12-29T08:01:37Z" name="teardown" finished-at="2023-12-29T08:01:38Z" duration-ms="753" status="PASS">
          <reporter-output>
          </reporter-output>
        </test-method> <!-- teardown -->
      </class> <!-- com.qa.testcases.Login -->
    </test> <!-- Test -->
  </suite> <!-- Suite -->
</testng-results>
